<?xml version="1.0" encoding="UTF-8"?>
<testsuite name="PingPongTest" tests="4" skipped="0" failures="0" errors="0" timestamp="2016-02-08T19:54:45" hostname="epicodus-51.local" time="0.001">
  <properties/>
  <testcase name="pingPong_forDivisibleBy3_replaceWithPing" classname="PingPongTest" time="0.001"/>
  <testcase name="pingPong_forDivisibleBy15_replaceWithPingPong" classname="PingPongTest" time="0.0"/>
  <testcase name="pingPong_forDivisibleBy5_replaceWithPong" classname="PingPongTest" time="0.0"/>
  <testcase name="pingPong_forANumber_listUpToThatNumber" classname="PingPongTest" time="0.0"/>
  <system-out><![CDATA[]]></system-out>
  <system-err><![CDATA[]]></system-err>
</testsuite>
